# JRE version: Java(TM) SE Runtime Environment (17.0.7+8) (build 17.0.7+8-LTS-224)
# Java VM: Java HotSpot(TM) 64-Bit Server VM (17.0.7+8-LTS-224, mixed mode, sharing, tiered, compressed class ptrs, g1 gc, windows-amd64)
GC Precious Log:
 CPUs: 12 total, 12 available
 Memory: 16191M
 Large Page Support: Disabled
 NUMA Support: Disabled
 Compressed Oops: Disabled
 Heap Region Size: 32M
 Heap Min Capacity: 32M
 Heap Initial Capacity: 256M
 Heap Max Capacity: 200G
 Pre-touch: Disabled
 Parallel Workers: 10
 Concurrent Workers: 3
 Concurrent Refinement Workers: 10
 Periodic GC: Disabled
Heap:
 garbage-first heap   total 15728640K, used 743085K [0x0000027a2c000000, 0x000002ac2c000000)
  region size 32768K, 2 young (65536K), 2 survivors (65536K)
 Metaspace       used 31297K, committed 31680K, reserved 1081344K
  class space    used 3919K, committed 4096K, reserved 1048576K
GC Heap History (20 events):
Event: 23.072 GC heap after
{Heap after GC invocations=24 (full 0):
 garbage-first heap   total 5898240K, used 692480K [0x0000027a2c000000, 0x000002ac2c000000)
  region size 32768K, 3 young (98304K), 3 survivors (98304K)
 Metaspace       used 31295K, committed 31680K, reserved 1081344K
  class space    used 3919K, committed 4096K, reserved 1048576K
}
Event: 23.749 GC heap before
{Heap before GC invocations=24 (full 0):
 garbage-first heap   total 5898240K, used 4133120K [0x0000027a2c000000, 0x000002ac2c000000)
  region size 32768K, 108 young (3538944K), 3 survivors (98304K)
 Metaspace       used 31295K, committed 31680K, reserved 1081344K
  class space    used 3919K, committed 4096K, reserved 1048576K
}
Event: 23.773 GC heap after
{Heap after GC invocations=25 (full 0):
 garbage-first heap   total 5898240K, used 697884K [0x0000027a2c000000, 0x000002ac2c000000)
  region size 32768K, 3 young (98304K), 3 survivors (98304K)
 Metaspace       used 31295K, committed 31680K, reserved 1081344K
  class space    used 3919K, committed 4096K, reserved 1048576K
}
Event: 24.423 GC heap before
{Heap before GC invocations=25 (full 0):
 garbage-first heap   total 5898240K, used 4138524K [0x0000027a2c000000, 0x000002ac2c000000)
  region size 32768K, 108 young (3538944K), 3 survivors (98304K)
 Metaspace       used 31295K, committed 31680K, reserved 1081344K
  class space    used 3919K, committed 4096K, reserved 1048576K
}
Event: 24.474 GC heap after
{Heap after GC invocations=26 (full 0):
 garbage-first heap   total 11796480K, used 701915K [0x0000027a2c000000, 0x000002ac2c000000)
  region size 32768K, 3 young (98304K), 3 survivors (98304K)
 Metaspace       used 31295K, committed 31680K, reserved 1081344K
  class space    used 3919K, committed 4096K, reserved 1048576K
}
Event: 27.069 GC heap before
{Heap before GC invocations=26 (full 0):
 garbage-first heap   total 11796480K, used 7681499K [0x0000027a2c000000, 0x000002ac2c000000)
  region size 32768K, 216 young (7077888K), 3 survivors (98304K)
 Metaspace       used 31295K, committed 31680K, reserved 1081344K
  class space    used 3919K, committed 4096K, reserved 1048576K
}
Event: 27.099 GC heap after
{Heap after GC invocations=27 (full 0):
 garbage-first heap   total 11796480K, used 708771K [0x0000027a2c000000, 0x000002ac2c000000)
  region size 32768K, 3 young (98304K), 3 survivors (98304K)
 Metaspace       used 31295K, committed 31680K, reserved 1081344K
  class space    used 3919K, committed 4096K, reserved 1048576K
}
Event: 28.376 GC heap before
{Heap before GC invocations=27 (full 0):
 garbage-first heap   total 11796480K, used 7688355K [0x0000027a2c000000, 0x000002ac2c000000)
  region size 32768K, 216 young (7077888K), 3 survivors (98304K)
 Metaspace       used 31295K, committed 31680K, reserved 1081344K
  class space    used 3919K, committed 4096K, reserved 1048576K
}
Event: 28.422 GC heap after
{Heap after GC invocations=28 (full 0):
 garbage-first heap   total 11796480K, used 716747K [0x0000027a2c000000, 0x000002ac2c000000)
  region size 32768K, 3 young (98304K), 3 survivors (98304K)
 Metaspace       used 31295K, committed 31680K, reserved 1081344K
  class space    used 3919K, committed 4096K, reserved 1048576K
}
Event: 30.061 GC heap before
{Heap before GC invocations=28 (full 0):
 garbage-first heap   total 11796480K, used 7696331K [0x0000027a2c000000, 0x000002ac2c000000)
  region size 32768K, 216 young (7077888K), 3 survivors (98304K)
 Metaspace       used 31295K, committed 31680K, reserved 1081344K
  class space    used 3919K, committed 4096K, reserved 1048576K
}
Event: 30.100 GC heap after
{Heap after GC invocations=29 (full 0):
 garbage-first heap   total 11796480K, used 723621K [0x0000027a2c000000, 0x000002ac2c000000)
  region size 32768K, 4 young (131072K), 4 survivors (131072K)
 Metaspace       used 31295K, committed 31680K, reserved 1081344K
  class space    used 3919K, committed 4096K, reserved 1048576K
}
Event: 31.697 GC heap before
{Heap before GC invocations=29 (full 0):
 garbage-first heap   total 11796480K, used 7670437K [0x0000027a2c000000, 0x000002ac2c000000)
  region size 32768K, 216 young (7077888K), 4 survivors (131072K)
 Metaspace       used 31295K, committed 31680K, reserved 1081344K
  class space    used 3919K, committed 4096K, reserved 1048576K
}
Event: 31.982 GC heap after
{Heap after GC invocations=30 (full 0):
 garbage-first heap   total 15728640K, used 734554K [0x0000027a2c000000, 0x000002ac2c000000)
  region size 32768K, 4 young (131072K), 4 survivors (131072K)
 Metaspace       used 31295K, committed 31680K, reserved 1081344K
  class space    used 3919K, committed 4096K, reserved 1048576K
}
Event: 35.023 GC heap before
{Heap before GC invocations=30 (full 0):
 garbage-first heap   total 15728640K, used 2798938K [0x0000027a2c000000, 0x000002ac2c000000)
  region size 32768K, 67 young (2195456K), 4 survivors (131072K)
 Metaspace       used 31295K, committed 31680K, reserved 1081344K
  class space    used 3919K, committed 4096K, reserved 1048576K
}
Event: 35.288 GC heap after
{Heap after GC invocations=31 (full 0):
 garbage-first heap   total 15728640K, used 731626K [0x0000027a2c000000, 0x000002ac2c000000)
  region size 32768K, 4 young (131072K), 4 survivors (131072K)
 Metaspace       used 31295K, committed 31680K, reserved 1081344K
  class space    used 3919K, committed 4096K, reserved 1048576K
}
Event: 35.421 GC heap before
{Heap before GC invocations=31 (full 0):
 garbage-first heap   total 15728640K, used 1386986K [0x0000027a2c000000, 0x000002ac2c000000)
  region size 32768K, 24 young (786432K), 4 survivors (131072K)
 Metaspace       used 31295K, committed 31680K, reserved 1081344K
  class space    used 3919K, committed 4096K, reserved 1048576K
}
Event: 35.597 GC heap after
{Heap after GC invocations=32 (full 0):
 garbage-first heap   total 15728640K, used 736564K [0x0000027a2c000000, 0x000002ac2c000000)
  region size 32768K, 2 young (65536K), 2 survivors (65536K)
 Metaspace       used 31295K, committed 31680K, reserved 1081344K
  class space    used 3919K, committed 4096K, reserved 1048576K
}
Event: 44.285 GC heap before
{Heap before GC invocations=32 (full 0):
 garbage-first heap   total 15728640K, used 10108212K [0x0000027a2c000000, 0x000002ac2c000000)
  region size 32768K, 288 young (9437184K), 2 survivors (65536K)
 Metaspace       used 31297K, committed 31680K, reserved 1081344K
  class space    used 3919K, committed 4096K, reserved 1048576K
}
Event: 44.877 GC heap after
{Heap after GC invocations=33 (full 0):
 garbage-first heap   total 15728640K, used 742609K [0x0000027a2c000000, 0x000002ac2c000000)
  region size 32768K, 3 young (98304K), 3 survivors (98304K)
 Metaspace       used 31297K, committed 31680K, reserved 1081344K
  class space    used 3919K, committed 4096K, reserved 1048576K
}
Event: 45.263 GC heap before
{Heap before GC invocations=33 (full 0):
 garbage-first heap   total 15728640K, used 1430737K [0x0000027a2c000000, 0x000002ac2c000000)
  region size 32768K, 24 young (786432K), 3 survivors (98304K)
 Metaspace       used 31297K, committed 31680K, reserved 1081344K
  class space    used 3919K, committed 4096K, reserved 1048576K
}

